<?xml version="1.0" encoding="UTF-8"?>
<!-- Generated by org.testng.reporters.JUnitXMLReporter -->
<testsuite ignored="0" hostname="DESKTOP-NMES7OQ" failures="0" tests="2" name="Error Validations Test" time="14.452" errors="0" timestamp="09 Jan 2023 11:39:23 GMT">
  <testcase classname="rahulshettyacademy.tests.ErrorValidationsTest" name="LoginErrorValidation" time="1.077"/>
  <testcase classname="rahulshettyacademy.tests.ErrorValidationsTest" name="ProductErrorValidation" time="3.44"/>
</testsuite> <!-- Error Validations Test -->
